[2024-05-08T18:59:05.675929+02:00] Saep\Percetakan\Controller\LoginController.INFO: LoginController:postLogin {"username":"admin","password":"admin","role":"karyawan"} []
[2024-05-08T19:01:29.461211+02:00] Saep\Percetakan\Controller\LoginController.INFO: LoginController:postLogin {"username":"admin","password":"admin","role":"karyawan"} []
[2024-05-08T19:05:33.629519+02:00] Saep\Percetakan\Controller\LoginController.INFO: LoginController:postLogin {"role":"admin"} []
[2024-05-08T19:11:18.613741+02:00] Saep\Percetakan\Controller\LoginController.INFO: LoginController:postLogin {"role":"admin"} []
[2024-05-09T13:36:32.895959+02:00] Saep\Percetakan\Controller\Admin\ManagemenController.INFO: 1 [] []
[2024-05-09T13:38:23.304491+02:00] Saep\Percetakan\Controller\Admin\ManagemenController.INFO: 2 [] []
[2024-05-09T13:38:25.157715+02:00] Saep\Percetakan\Controller\Admin\ManagemenController.INFO: 2 [] []
[2024-05-09T13:38:27.839630+02:00] Saep\Percetakan\Controller\Admin\ManagemenController.INFO: 2 [] []
[2024-05-09T13:38:28.654429+02:00] Saep\Percetakan\Controller\Admin\ManagemenController.INFO: 2 [] []
[2024-05-09T13:38:28.986768+02:00] Saep\Percetakan\Controller\Admin\ManagemenController.INFO: 2 [] []
[2024-05-09T13:38:29.171585+02:00] Saep\Percetakan\Controller\Admin\ManagemenController.INFO: 2 [] []
[2024-05-09T13:38:29.338591+02:00] Saep\Percetakan\Controller\Admin\ManagemenController.INFO: 2 [] []
[2024-05-09T13:38:29.542203+02:00] Saep\Percetakan\Controller\Admin\ManagemenController.INFO: 2 [] []
[2024-05-09T13:38:30.020425+02:00] Saep\Percetakan\Controller\Admin\ManagemenController.INFO: 2 [] []
[2024-05-09T13:39:24.392862+02:00] Saep\Percetakan\Controller\Admin\ManagemenController.INFO: 2 [] []
[2024-05-09T13:39:24.924952+02:00] Saep\Percetakan\Controller\Admin\ManagemenController.INFO: 2 [] []
[2024-05-09T13:39:25.262461+02:00] Saep\Percetakan\Controller\Admin\ManagemenController.INFO: 2 [] []
[2024-05-09T13:39:26.501011+02:00] Saep\Percetakan\Controller\Admin\ManagemenController.INFO: 2 [] []
[2024-05-09T13:39:27.323998+02:00] Saep\Percetakan\Controller\Admin\ManagemenController.INFO: 2 [] []
[2024-05-09T13:39:28.341593+02:00] Saep\Percetakan\Controller\Admin\ManagemenController.INFO: 2 [] []
[2024-05-09T13:39:29.076090+02:00] Saep\Percetakan\Controller\Admin\ManagemenController.INFO: 2 [] []
[2024-05-09T13:39:29.791067+02:00] Saep\Percetakan\Controller\Admin\ManagemenController.INFO: 2 [] []
[2024-05-09T13:39:30.291015+02:00] Saep\Percetakan\Controller\Admin\ManagemenController.INFO: 2 [] []
[2024-05-09T13:39:30.874755+02:00] Saep\Percetakan\Controller\Admin\ManagemenController.INFO: 2 [] []
[2024-05-09T13:39:31.374198+02:00] Saep\Percetakan\Controller\Admin\ManagemenController.INFO: 2 [] []
[2024-05-09T13:39:31.843462+02:00] Saep\Percetakan\Controller\Admin\ManagemenController.INFO: 2 [] []
[2024-05-09T13:39:33.472536+02:00] Saep\Percetakan\Controller\Admin\ManagemenController.INFO: 2 [] []
[2024-05-09T13:45:20.215984+02:00] Saep\Percetakan\Controller\Admin\ManagemenController.INFO: dipanggil [] []
[2024-05-09T13:45:22.314690+02:00] Saep\Percetakan\Controller\Admin\ManagemenController.INFO: dipanggil [] []
[2024-05-09T13:45:23.505630+02:00] Saep\Percetakan\Controller\Admin\ManagemenController.INFO: dipanggil [] []
[2024-05-09T13:45:24.146653+02:00] Saep\Percetakan\Controller\Admin\ManagemenController.INFO: dipanggil [] []
[2024-05-09T13:45:24.949241+02:00] Saep\Percetakan\Controller\Admin\ManagemenController.INFO: dipanggil [] []
[2024-05-09T13:45:26.396721+02:00] Saep\Percetakan\Controller\Admin\ManagemenController.INFO: dipanggil [] []
[2024-05-09T13:45:33.466045+02:00] Saep\Percetakan\Controller\Admin\ManagemenController.INFO: dipanggil [] []
[2024-05-09T16:39:33.503116+02:00] Saep\Percetakan\Controller\Admin\ManagemenController.INFO: Request:  {"kode":"ads","nama":"ads","jenis":"","stok":123,"harga":123.0} []
[2024-05-09T16:41:27.279813+02:00] Saep\Percetakan\Controller\Admin\ManagemenController.INFO: Request:  {"kode":"ads","nama":"ads","jenis":"","stok":123,"harga":123.0} []
